<?xml version="1.0" encoding="UTF-8"?>
<!-- Generated by org.testng.reporters.JUnitReportReporter -->
<testsuite hostname="DEMON-PC" failures="0" tests="4" name="testNG.OrangeHRM" time="11.255" errors="0" timestamp="2024-10-22T17:27:40 IST" skipped="0">
  <testcase classname="testNG.OrangeHRM" name="openApp" time="7.690"/>
  <testcase classname="testNG.OrangeHRM" name="testLogo" time="2.096"/>
  <testcase classname="testNG.OrangeHRM" name="loginApp" time="1.155"/>
  <testcase classname="testNG.OrangeHRM" name="logoutApp" time="0.314"/>
</testsuite> <!-- testNG.OrangeHRM -->
